Mensaje I / 00:00:00:000 / Root(00) para top(01)
Mensaje I / 00:00:00:000 / top(01) para paireddevicefinder(02)
Mensaje I / 00:00:00:000 / top(01) para permissionverifier(03)
Mensaje D / 00:00:00:000 / paireddevicefinder(02) / ... para top(01)
Mensaje D / 00:00:00:000 / permissionverifier(03) / ... para top(01)
Mensaje D / 00:00:00:000 / top(01) / ... para Root(00)
Mensaje X / 00:00:10:000 / Root(00) / search /      1.00000 para top(01)
Mensaje X / 00:00:10:000 / top(01) / search /      1.00000 para paireddevicefinder(02)
Mensaje D / 00:00:10:000 / paireddevicefinder(02) / 00:00:02:000 para top(01)
Mensaje D / 00:00:10:000 / top(01) / 00:00:02:000 para Root(00)
Mensaje * / 00:00:12:000 / Root(00) para top(01)
Mensaje * / 00:00:12:000 / top(01) para paireddevicefinder(02)
Mensaje Y / 00:00:12:000 / paireddevicefinder(02) / getid /      1.00000 para top(01)
Mensaje D / 00:00:12:000 / paireddevicefinder(02) / ... para top(01)
Mensaje Y / 00:00:12:000 / top(01) / getid /      1.00000 para Root(00)
Mensaje D / 00:00:12:000 / top(01) / ... para Root(00)
Mensaje X / 00:00:20:000 / Root(00) / idin /    123.00000 para top(01)
Mensaje X / 00:00:20:000 / top(01) / idin /    123.00000 para paireddevicefinder(02)
Mensaje D / 00:00:20:000 / paireddevicefinder(02) / 00:00:02:000 para top(01)
Mensaje D / 00:00:20:000 / top(01) / 00:00:02:000 para Root(00)
Mensaje * / 00:00:22:000 / Root(00) para top(01)
Mensaje * / 00:00:22:000 / top(01) para paireddevicefinder(02)
Mensaje Y / 00:00:22:000 / paireddevicefinder(02) / deviceid /    123.00000 para top(01)
Mensaje D / 00:00:22:000 / paireddevicefinder(02) / ... para top(01)
Mensaje Y / 00:00:22:000 / top(01) / deviceid /    123.00000 para Root(00)
Mensaje D / 00:00:22:000 / top(01) / ... para Root(00)
Mensaje X / 00:00:30:000 / Root(00) / connectdevice /      1.00000 para top(01)
Mensaje X / 00:00:30:000 / top(01) / connectdevice /      1.00000 para permissionverifier(03)
Mensaje D / 00:00:30:000 / permissionverifier(03) / 00:00:02:000 para top(01)
Mensaje D / 00:00:30:000 / top(01) / 00:00:02:000 para Root(00)
Mensaje * / 00:00:32:000 / Root(00) para top(01)
Mensaje * / 00:00:32:000 / top(01) para permissionverifier(03)
Mensaje Y / 00:00:32:000 / permissionverifier(03) / reqpermission /      1.00000 para top(01)
Mensaje D / 00:00:32:000 / permissionverifier(03) / ... para top(01)
Mensaje Y / 00:00:32:000 / top(01) / reqpermission /      1.00000 para Root(00)
Mensaje D / 00:00:32:000 / top(01) / ... para Root(00)
Mensaje X / 00:00:40:000 / Root(00) / granted /      1.00000 para top(01)
Mensaje X / 00:00:40:000 / top(01) / granted /      1.00000 para permissionverifier(03)
Mensaje D / 00:00:40:000 / permissionverifier(03) / 00:00:02:000 para top(01)
Mensaje D / 00:00:40:000 / top(01) / 00:00:02:000 para Root(00)
Mensaje * / 00:00:42:000 / Root(00) para top(01)
Mensaje * / 00:00:42:000 / top(01) para permissionverifier(03)
Mensaje Y / 00:00:42:000 / permissionverifier(03) / connected /      1.00000 para top(01)
Mensaje D / 00:00:42:000 / permissionverifier(03) / ... para top(01)
Mensaje Y / 00:00:42:000 / top(01) / connected /      1.00000 para Root(00)
Mensaje D / 00:00:42:000 / top(01) / ... para Root(00)
