Mensaje I / 00:00:00:000 / Root(00) para top(01)
Mensaje I / 00:00:00:000 / top(01) para datatransmission(02)
Mensaje D / 00:00:00:000 / datatransmission(02) / ... para top(01)
Mensaje D / 00:00:00:000 / top(01) / ... para Root(00)
Mensaje X / 00:00:10:000 / Root(00) / dataout /    555.00000 para top(01)
Mensaje X / 00:00:10:000 / top(01) / dataout /    555.00000 para datatransmission(02)
Mensaje D / 00:00:10:000 / datatransmission(02) / 00:00:02:000 para top(01)
Mensaje D / 00:00:10:000 / top(01) / 00:00:02:000 para Root(00)
Mensaje * / 00:00:12:000 / Root(00) para top(01)
Mensaje * / 00:00:12:000 / top(01) para datatransmission(02)
Mensaje Y / 00:00:12:000 / datatransmission(02) / dataport /    555.00000 para top(01)
Mensaje D / 00:00:12:000 / datatransmission(02) / ... para top(01)
Mensaje Y / 00:00:12:000 / top(01) / dataport /    555.00000 para Root(00)
Mensaje D / 00:00:12:000 / top(01) / ... para Root(00)
Mensaje X / 00:00:15:000 / Root(00) / gotdata /      1.00000 para top(01)
Mensaje X / 00:00:15:000 / top(01) / gotdata /      1.00000 para datatransmission(02)
Mensaje D / 00:00:15:000 / datatransmission(02) / 00:00:02:000 para top(01)
Mensaje D / 00:00:15:000 / top(01) / 00:00:02:000 para Root(00)
Mensaje * / 00:00:17:000 / Root(00) para top(01)
Mensaje * / 00:00:17:000 / top(01) para datatransmission(02)
Mensaje Y / 00:00:17:000 / datatransmission(02) / datasent /    555.00000 para top(01)
Mensaje D / 00:00:17:000 / datatransmission(02) / ... para top(01)
Mensaje Y / 00:00:17:000 / top(01) / datasent /    555.00000 para Root(00)
Mensaje D / 00:00:17:000 / top(01) / ... para Root(00)
